# JRE version: Java(TM) SE Runtime Environment (8.0_201-b09) (build 1.8.0_201-b09)
# Java VM: Java HotSpot(TM) 64-Bit Server VM (25.201-b09 mixed mode windows-amd64 compressed oops)
Heap:
 PSYoungGen      total 3584K, used 1031K [0x00000000f5f80000, 0x00000000f6380000, 0x0000000100000000)
  eden space 3072K, 17% used [0x00000000f5f80000,0x00000000f6005bf0,0x00000000f6280000)
  from space 512K, 96% used [0x00000000f6300000,0x00000000f637c010,0x00000000f6380000)
  to   space 512K, 0% used [0x00000000f6280000,0x00000000f6280000,0x00000000f6300000)
 ParOldGen       total 5632K, used 24K [0x00000000e1e00000, 0x00000000e2380000, 0x00000000f5f80000)
  object space 5632K, 0% used [0x00000000e1e00000,0x00000000e1e06000,0x00000000e2380000)
 Metaspace       used 4100K, capacity 5452K, committed 5760K, reserved 1056768K
  class space    used 484K, capacity 520K, committed 640K, reserved 1048576K
GC Heap History (4 events):
Event: 0.528 GC heap before
{Heap before GC invocations=1 (full 0):
 PSYoungGen      total 2048K, used 1520K [0x00000000f5f80000, 0x00000000f6200000, 0x0000000100000000)
  eden space 1536K, 98% used [0x00000000f5f80000,0x00000000f60fc0b8,0x00000000f6100000)
  from space 512K, 0% used [0x00000000f6180000,0x00000000f6180000,0x00000000f6200000)
  to   space 512K, 0% used [0x00000000f6100000,0x00000000f6100000,0x00000000f6180000)
 ParOldGen       total 5632K, used 0K [0x00000000e1e00000, 0x00000000e2380000, 0x00000000f5f80000)
  object space 5632K, 0% used [0x00000000e1e00000,0x00000000e1e00000,0x00000000e2380000)
 Metaspace       used 3229K, capacity 4812K, committed 5120K, reserved 1056768K
  class space    used 375K, capacity 456K, committed 512K, reserved 1048576K
Event: 0.947 GC heap after
Heap after GC invocations=1 (full 0):
 PSYoungGen      total 2048K, used 511K [0x00000000f5f80000, 0x00000000f6380000, 0x0000000100000000)
  eden space 1536K, 0% used [0x00000000f5f80000,0x00000000f5f80000,0x00000000f6100000)
  from space 512K, 99% used [0x00000000f6100000,0x00000000f617fc30,0x00000000f6180000)
  to   space 512K, 0% used [0x00000000f6300000,0x00000000f6300000,0x00000000f6380000)
 ParOldGen       total 5632K, used 8K [0x00000000e1e00000, 0x00000000e2380000, 0x00000000f5f80000)
  object space 5632K, 0% used [0x00000000e1e00000,0x00000000e1e02000,0x00000000e2380000)
 Metaspace       used 3229K, capacity 4812K, committed 5120K, reserved 1056768K
  class space    used 375K, capacity 456K, committed 512K, reserved 1048576K
}
Event: 2.832 GC heap before
{Heap before GC invocations=2 (full 0):
 PSYoungGen      total 2048K, used 2013K [0x00000000f5f80000, 0x00000000f6380000, 0x0000000100000000)
  eden space 1536K, 97% used [0x00000000f5f80000,0x00000000f60f7880,0x00000000f6100000)
  from space 512K, 99% used [0x00000000f6100000,0x00000000f617fc30,0x00000000f6180000)
  to   space 512K, 0% used [0x00000000f6300000,0x00000000f6300000,0x00000000f6380000)
 ParOldGen       total 5632K, used 8K [0x00000000e1e00000, 0x00000000e2380000, 0x00000000f5f80000)
  object space 5632K, 0% used [0x00000000e1e00000,0x00000000e1e02000,0x00000000e2380000)
 Metaspace       used 4008K, capacity 5388K, committed 5760K, reserved 1056768K
  class space    used 475K, capacity 520K, committed 640K, reserved 1048576K
Event: 2.895 GC heap after
Heap after GC invocations=2 (full 0):
 PSYoungGen      total 3584K, used 496K [0x00000000f5f80000, 0x00000000f6380000, 0x0000000100000000)
  eden space 3072K, 0% used [0x00000000f5f80000,0x00000000f5f80000,0x00000000f6280000)
  from space 512K, 96% used [0x00000000f6300000,0x00000000f637c010,0x00000000f6380000)
  to   space 512K, 0% used [0x00000000f6280000,0x00000000f6280000,0x00000000f6300000)
 ParOldGen       total 5632K, used 24K [0x00000000e1e00000, 0x00000000e2380000, 0x00000000f5f80000)
  object space 5632K, 0% used [0x00000000e1e00000,0x00000000e1e06000,0x00000000e2380000)
 Metaspace       used 4008K, capacity 5388K, committed 5760K, reserved 1056768K
  class space    used 475K, capacity 520K, committed 640K, reserved 1048576K
}

